EDU>> trainLSTM('', '', '', '', '', '', '', '../../output', 0, 'logFreq', 1, 'isGradCheck', 1)
# batchSize = 10
# epochFraction = 0.5
# finetuneEpoch = 3
# initRange = 0.1
# isGradCheck = 1
# learningRate = 1
# logFreq = 1
# lstmSize = 2
# maxGradNorm = 5
# numEpoches = 5
# outDir = ../../output
# srcLang = 
# srcVocabFile = 
# testPrefix = 
# tgtLang = 
# tgtVocabFile = 
# trainPrefix = 
# validPrefix = 
# isGPU = 0
# nonlinear_gate_f = sigmoid
# nonlinear_gate_f_prime = sigmoidPrime
# nonlinear_f = tanh
# nonlinear_f_prime = tanhPrime
# srcVocabSize = 4
# tgtVocabSize = 3
# tgtZeroId = 3
# srcZeroId = 7
# inVocabSize = 7
# outVocabSize = 3
# Num params=84
# W_src
  0.000001    0.000001  diff=4.48387e-11
  0.000009    0.000009  diff=6.31578e-12
  0.000000    0.000000  diff=2.31647e-11
 -0.000000   -0.000000  diff=4.45969e-11
  0.000000    0.000000  diff=3.29562e-11
 -0.000000   -0.000000  diff=7.19979e-12
  0.000448    0.000448  diff=1.91224e-10
 -0.000798   -0.000798  diff=2.45623e-11
 -0.000004   -0.000004  diff=2.49815e-11
 -0.000009   -0.000009  diff=7.42206e-13
 -0.000001   -0.000001  diff=9.92093e-12
 -0.000000   -0.000000  diff=2.88946e-11
 -0.000000   -0.000000  diff=2.32029e-11
  0.000000    0.000000  diff=8.85643e-11
 -0.001321   -0.001321  diff=3.37577e-10
  0.002600    0.002600  diff=4.5176e-11
  0.000000    0.000000  diff=3.05814e-11
  0.000000    0.000000  diff=3.94705e-12
  0.000000    0.000000  diff=2.67537e-11
  0.000000    0.000000  diff=1.52283e-12
  0.000000    0.000000  diff=2.8289e-11
 -0.000000   -0.000000  diff=3.96032e-11
  0.000022    0.000022  diff=1.13817e-10
 -0.000043   -0.000043  diff=2.95247e-11
 -0.000000   -0.000000  diff=1.32543e-11
 -0.000000   -0.000000  diff=1.50573e-11
 -0.000000   -0.000000  diff=5.74272e-11
 -0.000000   -0.000000  diff=7.85072e-12
 -0.000000   -0.000000  diff=1.12663e-11
  0.000000    0.000000  diff=2.08476e-11
 -0.000006   -0.000006  diff=7.10825e-12
  0.000008    0.000008  diff=2.49109e-10
  local_diff=1.60548e-09
# W_tgt
 -0.000010   -0.000010  diff=1.56005e-11
 -0.000013   -0.000013  diff=4.2951e-11
 -0.000001   -0.000001  diff=2.50598e-11
 -0.000001   -0.000001  diff=3.5001e-11
 -0.000008   -0.000008  diff=1.51964e-11
 -0.000010   -0.000010  diff=2.82824e-11
 -0.001893   -0.001893  diff=3.14534e-10
  0.004732    0.004732  diff=1.06478e-10
  0.000006    0.000006  diff=2.2017e-11
  0.000007    0.000007  diff=1.00532e-10
 -0.000003   -0.000003  diff=5.63137e-11
 -0.000004   -0.000004  diff=2.58308e-11
  0.000002    0.000002  diff=2.38178e-11
  0.000002    0.000002  diff=8.00916e-12
 -0.002556   -0.002556  diff=1.49558e-11
  0.006117    0.006117  diff=2.10847e-10
 -0.000000   -0.000000  diff=3.97076e-11
 -0.000000   -0.000000  diff=9.93404e-12
  0.000000    0.000000  diff=2.45678e-11
  0.000000    0.000000  diff=2.67963e-11
  0.000000    0.000000  diff=7.4673e-11
  0.000000    0.000000  diff=4.56517e-11
  0.000058    0.000058  diff=1.76892e-09
 -0.000151   -0.000151  diff=2.29618e-11
  0.000000    0.000000  diff=1.05285e-11
  0.000000    0.000000  diff=2.90413e-13
 -0.000000   -0.000000  diff=8.73682e-12
 -0.000000   -0.000000  diff=3.79255e-11
 -0.000000   -0.000000  diff=5.93997e-11
 -0.000000   -0.000000  diff=1.61051e-11
 -0.000036   -0.000036  diff=5.02948e-11
  0.000089    0.000089  diff=2.25015e-09
  local_diff=6.05945e-09
# W_soft
  0.000233    0.000233  diff=5.82981e-10
 -0.002026   -0.002026  diff=5.5918e-10
  0.001793    0.001793  diff=5.63141e-10
  0.000300    0.000300  diff=2.05597e-10
  0.001166    0.001166  diff=1.93462e-10
 -0.001466   -0.001466  diff=2.04902e-10
  local_diff=2.51028e-08
# W_emb
 -0.005327   -0.005327  diff=2.33765e-08
  0.004478    0.004478  diff=8.65546e-09
 -0.007633   -0.007633  diff=3.3923e-08
  0.006366    0.006366  diff=1.22809e-08
  0.000000    0.000000  diff=0
  0.000000    0.000000  diff=0
  0.000041    0.000041  diff=3.33444e-09
 -0.002502   -0.002502  diff=1.13396e-09
  0.000089    0.000089  diff=1.868e-09
 -0.001347   -0.001347  diff=4.22551e-10
 -0.009173   -0.009173  diff=3.69785e-08
  0.005930    0.005930  diff=1.99429e-08
  0.000000    0.000000  diff=0
  0.000000    0.000000  diff=0
  local_diff=1.1854e-07
# Num params=84, abs_diff=1.51307e-07
